<?xml version="1.0" encoding="UTF-8"?>
<!-- Generated by org.testng.reporters.JUnitReportReporter -->
<testsuite hostname="DESKTOP-LT639V1" failures="0" tests="1" name="Test.ArkFramWork.LoginTest" time="16.961" errors="0" timestamp="2023-04-30T12:31:16 IST" skipped="0">
  <testcase classname="Test.ArkFramWork.LoginTest" name="login" time="16.961"/>
  <system-out/>
</testsuite> <!-- Test.ArkFramWork.LoginTest -->
