<?xml version="1.0" encoding="UTF-8"?>
<!-- Generated by org.testng.reporters.JUnitReportReporter -->
<testsuite hostname="DESKTOP-LT639V1" failures="0" tests="1" name="Test.ArkFramWork.TwoTest" time="15.005" errors="0" timestamp="2023-04-30T21:05:39 IST" skipped="0">
  <testcase classname="Test.ArkFramWork.TwoTest" name="openUrl" time="15.005"/>
  <system-out/>
</testsuite> <!-- Test.ArkFramWork.TwoTest -->
