<?xml version="1.0" encoding="UTF-8"?>
<!-- Generated by org.testng.reporters.JUnitReportReporter -->
<testsuite hostname="DESKTOP-LT639V1" failures="0" tests="2" name="Test.ArkFramWork.LoginTest" time="38.559" errors="0" timestamp="2023-04-30T21:05:39 IST" skipped="0">
  <testcase classname="Test.ArkFramWork.LoginTest" name="login" time="14.920"/>
  <system-out/>
  <testcase classname="Test.ArkFramWork.LoginTest" name="login" time="23.639"/>
  <system-out/>
</testsuite> <!-- Test.ArkFramWork.LoginTest -->
