<?xml version="1.0" encoding="UTF-8"?>
<!-- Generated by org.testng.reporters.JUnitReportReporter -->
<testsuite hostname="DESKTOP-LT639V1" failures="0" tests="1" name="Test.ArkFramWork.TwoTest" time="8.264" errors="0" timestamp="2023-04-30T23:29:16 IST" skipped="0">
  <testcase classname="Test.ArkFramWork.TwoTest" name="twoTest" time="8.264"/>
  <system-out/>
</testsuite> <!-- Test.ArkFramWork.TwoTest -->
