<?xml version="1.0" encoding="UTF-8"?>
<!-- Generated by org.testng.reporters.JUnitReportReporter -->
<testsuite hostname="DESKTOP-LT639V1" failures="0" tests="2" name="Test.ArkFramWork.LoginTest" time="43.295" errors="0" timestamp="2023-04-30T16:08:34 IST" skipped="0">
  <testcase classname="Test.ArkFramWork.LoginTest" name="login" time="24.086"/>
  <system-out/>
  <testcase classname="Test.ArkFramWork.LoginTest" name="login" time="19.209"/>
  <system-out/>
</testsuite> <!-- Test.ArkFramWork.LoginTest -->
