<?xml version="1.0" encoding="UTF-8"?>
<!-- Generated by org.testng.reporters.JUnitReportReporter -->
<testsuite hostname="DESKTOP-LT639V1" failures="0" tests="1" name="Test.ArkFramWork.ThreeTest" time="0.001" errors="0" timestamp="2023-04-30T16:08:34 IST" skipped="0">
  <testcase classname="Test.ArkFramWork.ThreeTest" name="threeTest" time="0.001"/>
  <system-out/>
</testsuite> <!-- Test.ArkFramWork.ThreeTest -->
